Arguments: 
  C:\Program Files\nodejs\node.exe C:\Program Files (x86)\Yarn\bin\yarn.js add apollo-client apollo-link-http apollo-link-context apollo-cache-inmemory

PATH: 
  C:\Program Files\Git\mingw64\bin;C:\Program Files\Git\usr\bin;C:\Users\Hrayr\bin;C:\Program Files (x86)\Common Files\Intel\Shared Libraries\redist\intel64\compiler;C:\Python27;C:\Python27\Scripts;C:\Program Files (x86)\Common Files\Oracle\Java\javapath;C:\WINDOWS\system32;C:\WINDOWS;C:\WINDOWS\System32\Wbem;C:\WINDOWS\System32\WindowsPowerShell\v1.0;C:\Program Files\Git\cmd;C:\ProgramData\chocolatey\bin;C:\Program Files\Java\jdk1.8.0_172\bin;C:\Program Files\nodejs;C:\Program Files (x86)\Yarn\bin;C:\WINDOWS\System32\OpenSSH;C:\PostgreSQL\pg10\bin;C:\Program Files\PostgreSQL\pg10\bin;C:\PostgreSQL\pg96\bin;C:\Python27;C:\Python27\Scripts;C:\Program Files (x86)\Common Files\Oracle\Java\javapath;C:\Windows\system32;C:\Windows;C:\Windows\System32\Wbem;C:\Windows\System32\WindowsPowerShell\v1.0;C:\Program Files\Git\cmd;C:\Program Files\nodejs;C:\ProgramData\chocolatey\bin;C:\Program Files\Java\jdk1.8.0_172\bin;C:\Users\Hrayr\AppData\Local\Programs\Python\Python36-32\Scripts;C:\Users\Hrayr\AppData\Local\Programs\Python\Python36-32;C:\Users\Hrayr\AppData\Local\Microsoft\WindowsApps;C:\Program Files\Microsoft VS Code\bin;C:\Users\Hrayr\AppData\Local\hyper\app-2.0.0\resources\bin;C:\Users\Hrayr\AppData\Local\Android\Sdk\platform-tools;C:\Users\Hrayr\AppData\Roaming\npm;C:\Users\Hrayr\AppData\Local\Yarn\bin

Yarn version: 
  1.6.0

Node version: 
  10.0.0

Platform: 
  win32 x64

Trace: 
  Error: EPERM: operation not permitted, unlink 'C:\Users\Hrayr\Desktop\graphql-disqus\node_modules\bcrypt\lib\binding\bcrypt_lib.node'

npm manifest: 
  {
    "name": "graphql-disqus",
    "version": "1.0.0",
    "description": "",
    "main": "server.js",
    "scripts": {
      "start": "nodemon server.js",
      "test": "echo \"Error: no test specified\" && exit 1"
    },
    "author": "",
    "license": "ISC",
    "dependencies": {
      "apollo-server": "^2.0.0-rc.3",
      "apollo-server-express": "^2.0.0-rc.5",
      "bcrypt": "^2.0.1",
      "body-parser": "^1.18.3",
      "express": "^4.16.3",
      "graphql": "^0.13.2",
      "jsonwebtoken": "^8.3.0",
      "merge-graphql-schemas": "^1.5.2",
      "mongoose": "^5.1.7",
      "passport": "^0.4.0",
      "passport-jwt": "^4.0.0"
    }
  }

yarn manifest: 
  No manifest

Lockfile: 
  No lockfile
